<?xml version="1.0" encoding="UTF-8"?>
<!-- Generated by org.testng.reporters.JUnitReportReporter -->
<testsuite hostname="ISSAC" failures="0" tests="5" name="com.Restaurant.Testcases.VerifyProductTest" time="108.209" errors="0" timestamp="2022-12-26T10:51:57 IST" skipped="0">
  <testcase classname="com.Restaurant.Testcases.VerifyProductTest" name="VerifyAddProduct" time="17.129"/>
  <system-out/>
  <testcase classname="com.Restaurant.Testcases.VerifyProductTest" name="VerifyEditProduct" time="15.231"/>
  <system-out/>
  <testcase classname="com.Restaurant.Testcases.VerifyProductTest" name="VerifyDeleteProduct" time="51.509"/>
  <system-out/>
  <testcase classname="com.Restaurant.Testcases.VerifyProductTest" name="VerifyProduct" time="12.079"/>
  <system-out/>
  <testcase classname="com.Restaurant.Testcases.VerifyProductTest" name="VerifyBarcode" time="12.261"/>
  <system-out/>
</testsuite> <!-- com.Restaurant.Testcases.VerifyProductTest -->
