<?xml version="1.0" encoding="UTF-8"?>
<!-- Generated by org.testng.reporters.JUnitReportReporter -->
<testsuite hostname="ISSAC" failures="0" tests="3" name="com.Restaurant.Testcases.VerifyStoresTest" time="64.176" errors="0" timestamp="2022-12-26T10:51:57 IST" skipped="0">
  <testcase classname="com.Restaurant.Testcases.VerifyStoresTest" name="VerifyAddStore" time="15.740"/>
  <system-out/>
  <testcase classname="com.Restaurant.Testcases.VerifyStoresTest" name="verifyeditstore" time="15.434"/>
  <system-out/>
  <testcase classname="com.Restaurant.Testcases.VerifyStoresTest" name="verifyStoreDelete" time="33.002"/>
  <system-out/>
</testsuite> <!-- com.Restaurant.Testcases.VerifyStoresTest -->
