<?xml version="1.0" encoding="UTF-8"?>
<!-- Generated by org.testng.reporters.JUnitReportReporter -->
<testsuite hostname="ISSAC" failures="0" tests="5" name="com.Restaurant.Testcases.VerifyUserLoginTest" time="38.420" errors="0" timestamp="2022-12-26T10:51:57 IST" skipped="0">
  <testcase classname="com.Restaurant.Testcases.VerifyUserLoginTest" name="VerifyLogout" time="9.108"/>
  <system-out/>
  <testcase classname="com.Restaurant.Testcases.VerifyUserLoginTest" name="VerifyUserLogin" time="7.525"/>
  <system-out/>
  <testcase classname="com.Restaurant.Testcases.VerifyUserLoginTest" name="VerifyInvalidUserLogin" time="5.615"/>
  <system-out/>
  <testcase classname="com.Restaurant.Testcases.VerifyUserLoginTest" name="VerifyInvalidUserLogin" time="5.263"/>
  <system-out/>
  <testcase classname="com.Restaurant.Testcases.VerifyUserLoginTest" name="VerifyInvalidUserLogin" time="10.909"/>
  <system-out/>
</testsuite> <!-- com.Restaurant.Testcases.VerifyUserLoginTest -->
