<?xml version="1.0" encoding="UTF-8"?>
<!-- Generated by org.testng.reporters.JUnitReportReporter -->
<testsuite hostname="ISSAC" failures="0" tests="3" name="com.Restaurant.Testcases.VerifyPeopleCustomerTest" time="84.702" errors="0" timestamp="2022-12-26T10:51:57 IST" skipped="0">
  <testcase classname="com.Restaurant.Testcases.VerifyPeopleCustomerTest" name="VerifyWaiterAdd" time="15.818"/>
  <system-out/>
  <testcase classname="com.Restaurant.Testcases.VerifyPeopleCustomerTest" name="verifyeditcustomer" time="15.871"/>
  <system-out/>
  <testcase classname="com.Restaurant.Testcases.VerifyPeopleCustomerTest" name="WaiterDelete" time="53.013"/>
  <system-out/>
</testsuite> <!-- com.Restaurant.Testcases.VerifyPeopleCustomerTest -->
