<?xml version="1.0" encoding="UTF-8"?>
<!-- Generated by org.testng.reporters.JUnitReportReporter -->
<testsuite hostname="ISSAC" failures="0" tests="3" name="com.Restaurant.Testcases.VerifyReportsTest" time="53.923" errors="0" timestamp="2022-12-26T10:51:57 IST" skipped="0">
  <testcase classname="com.Restaurant.Testcases.VerifyReportsTest" name="VerifyReportProductStat" time="11.325"/>
  <system-out/>
  <testcase classname="com.Restaurant.Testcases.VerifyReportsTest" name="VerifyReportStoreStat" time="31.159"/>
  <system-out/>
  <testcase classname="com.Restaurant.Testcases.VerifyReportsTest" name="VerifyReportPageClientStat" time="11.439"/>
  <system-out/>
</testsuite> <!-- com.Restaurant.Testcases.VerifyReportsTest -->
