<?xml version="1.0" encoding="UTF-8"?>
<!-- Generated by org.testng.reporters.JUnitReportReporter -->
<testsuite hostname="ISSAC" failures="0" tests="1" name="com.Restaurant.Testcases.VerifyLanguageTest" time="13.211" errors="0" timestamp="2022-12-26T10:51:57 IST" skipped="0">
  <testcase classname="com.Restaurant.Testcases.VerifyLanguageTest" name="VerifyLanguagePage" time="13.211"/>
  <system-out/>
</testsuite> <!-- com.Restaurant.Testcases.VerifyLanguageTest -->
