<?xml version="1.0" encoding="UTF-8"?>
<!-- Generated by org.testng.reporters.JUnitReportReporter -->
<testsuite hostname="ISSAC" failures="0" tests="3" name="com.Restaurant.Testcases.VerifyPeopleSupplierTest" time="83.345" errors="0" timestamp="2022-12-26T10:51:57 IST" skipped="0">
  <testcase classname="com.Restaurant.Testcases.VerifyPeopleSupplierTest" name="VerifyAddSupplier" time="14.917"/>
  <system-out/>
  <testcase classname="com.Restaurant.Testcases.VerifyPeopleSupplierTest" name="VerifyEditSupplier" time="15.552"/>
  <system-out/>
  <testcase classname="com.Restaurant.Testcases.VerifyPeopleSupplierTest" name="SupplierDelete" time="52.876"/>
  <system-out/>
</testsuite> <!-- com.Restaurant.Testcases.VerifyPeopleSupplierTest -->
