<?xml version="1.0" encoding="UTF-8"?>
<!-- Generated by org.testng.reporters.JUnitReportReporter -->
<testsuite hostname="ISSAC" failures="0" tests="3" name="com.Restaurant.Testcases.VerifyPeopleWaiterTest" time="84.372" errors="0" timestamp="2022-12-26T10:51:57 IST" skipped="0">
  <testcase classname="com.Restaurant.Testcases.VerifyPeopleWaiterTest" name="VerifyWaiterAdd" time="15.597"/>
  <system-out/>
  <testcase classname="com.Restaurant.Testcases.VerifyPeopleWaiterTest" name="verifyeditwaiter" time="15.915"/>
  <system-out/>
  <testcase classname="com.Restaurant.Testcases.VerifyPeopleWaiterTest" name="WaiterDelete" time="52.860"/>
  <system-out/>
</testsuite> <!-- com.Restaurant.Testcases.VerifyPeopleWaiterTest -->
