<?xml version="1.0" encoding="UTF-8"?>
<!-- Generated by org.testng.reporters.JUnitReportReporter -->
<testsuite hostname="ISSAC" failures="0" tests="3" name="com.Restaurant.Testcases.VerifyPeopleSupplier" time="108.741" errors="0" timestamp="2022-12-22T12:48:12 IST" skipped="0">
  <testcase classname="com.Restaurant.Testcases.VerifyPeopleSupplier" name="VerifyAddSupplier" time="61.903"/>
  <system-out/>
  <testcase classname="com.Restaurant.Testcases.VerifyPeopleSupplier" name="VerifyEditSupplier" time="24.712"/>
  <system-out/>
  <testcase classname="com.Restaurant.Testcases.VerifyPeopleSupplier" name="SupplierDelete" time="22.126"/>
  <system-out/>
</testsuite> <!-- com.Restaurant.Testcases.VerifyPeopleSupplier -->
