<?xml version="1.0" encoding="UTF-8"?>
<!-- Generated by org.testng.reporters.JUnitReportReporter -->
<testsuite hostname="ISSAC" failures="0" tests="2" name="com.Restaurant.Testcases.VerifySettingTest" time="26.020" errors="0" timestamp="2022-12-26T10:51:57 IST" skipped="0">
  <testcase classname="com.Restaurant.Testcases.VerifySettingTest" name="VerifyAddUser" time="13.114"/>
  <system-out/>
  <testcase classname="com.Restaurant.Testcases.VerifySettingTest" name="VerifyAddWarehouse" time="12.906"/>
  <system-out/>
</testsuite> <!-- com.Restaurant.Testcases.VerifySettingTest -->
