<?xml version="1.0" encoding="UTF-8"?>
<!-- Generated by org.testng.reporters.JUnitReportReporter -->
<testsuite hostname="ISSAC" failures="0" tests="4" name="com.Restaurant.Testcases.VerifyUserLoginTest" time="42.124" errors="0" timestamp="2022-12-14T08:45:16 IST" skipped="0">
  <testcase classname="com.Restaurant.Testcases.VerifyUserLoginTest" name="VerifyInvalidUserLogin" time="11.322"/>
  <system-out/>
  <testcase classname="com.Restaurant.Testcases.VerifyUserLoginTest" name="VerifyInvalidUserLogin" time="6.413"/>
  <system-out/>
  <testcase classname="com.Restaurant.Testcases.VerifyUserLoginTest" name="VerifyInvalidUserLogin" time="11.811"/>
  <system-out/>
  <testcase classname="com.Restaurant.Testcases.VerifyUserLoginTest" name="VerifyUserLogin" time="12.578"/>
  <system-out/>
</testsuite> <!-- com.Restaurant.Testcases.VerifyUserLoginTest -->
